<?xml version="1.0" encoding="UTF-8"?>
<testsuite name="sample.simple.SpringTestSampleSimpleApplicationTests" tests="1" skipped="0" failures="0" errors="0" timestamp="2016-01-19T03:46:35" hostname="Karthys-MacBook-Pro.local" time="0.001">
  <properties/>
  <testcase name="testContextLoads" classname="sample.simple.SpringTestSampleSimpleApplicationTests" time="0.001"/>
  <system-out><![CDATA[2016-01-18 22:46:35.358  INFO 4160 --- [    Test worker] o.s.t.c.support.AbstractContextLoader    : Could not detect default resource locations for test class [sample.simple.SpringTestSampleSimpleApplicationTests]: no resource found for suffixes {-context.xml, Context.groovy}.
2016-01-18 22:46:35.369  INFO 4160 --- [    Test worker] o.s.t.c.s.DefaultTestContextBootstrapper : Loaded default TestExecutionListener class names from location [META-INF/spring.factories]: [org.springframework.test.context.web.ServletTestExecutionListener, org.springframework.test.context.support.DirtiesContextBeforeModesTestExecutionListener, org.springframework.test.context.support.DependencyInjectionTestExecutionListener, org.springframework.test.context.support.DirtiesContextTestExecutionListener, org.springframework.test.context.transaction.TransactionalTestExecutionListener, org.springframework.test.context.jdbc.SqlScriptsTestExecutionListener]
2016-01-18 22:46:35.374  INFO 4160 --- [    Test worker] o.s.t.c.s.DefaultTestContextBootstrapper : Could not instantiate TestExecutionListener [org.springframework.test.context.jdbc.SqlScriptsTestExecutionListener]. Specify custom listener classes or make the default listener classes (and their required dependencies) available. Offending class: [org/springframework/transaction/interceptor/TransactionAttribute]
2016-01-18 22:46:35.376  INFO 4160 --- [    Test worker] o.s.t.c.s.DefaultTestContextBootstrapper : Could not instantiate TestExecutionListener [org.springframework.test.context.web.ServletTestExecutionListener]. Specify custom listener classes or make the default listener classes (and their required dependencies) available. Offending class: [javax/servlet/ServletContext]
2016-01-18 22:46:35.377  INFO 4160 --- [    Test worker] o.s.t.c.s.DefaultTestContextBootstrapper : Could not instantiate TestExecutionListener [org.springframework.test.context.transaction.TransactionalTestExecutionListener]. Specify custom listener classes or make the default listener classes (and their required dependencies) available. Offending class: [org/springframework/transaction/interceptor/TransactionAttributeSource]
2016-01-18 22:46:35.378  INFO 4160 --- [    Test worker] o.s.t.c.s.DefaultTestContextBootstrapper : Using TestExecutionListeners: [org.springframework.test.context.support.DirtiesContextBeforeModesTestExecutionListener@3433ceee, org.springframework.test.context.support.DependencyInjectionTestExecutionListener@547b967, org.springframework.test.context.support.DirtiesContextTestExecutionListener@775e6f9d]

  .   ____          _            __ _ _
 /\\ / ___'_ __ _ _(_)_ __  __ _ \ \ \ \
( ( )\___ | '_ | '_| | '_ \/ _` | \ \ \ \
 \\/  ___)| |_)| | | | | || (_| |  ) ) ) )
  '  |____| .__|_| |_|_| |_\__, | / / / /
 =========|_|==============|___/=/_/_/_/
 :: Spring Boot ::  (v1.3.2.BUILD-SNAPSHOT)

2016-01-18 22:46:35.456  INFO 4160 --- [    Test worker] s.SpringTestSampleSimpleApplicationTests : Starting SpringTestSampleSimpleApplicationTests on Karthys-MacBook-Pro.local with PID 4160 (/Users/karthy/git/spring-boot-sample-simple/build/classes/test started by karthy in /Users/karthy/git/spring-boot-sample-simple)
2016-01-18 22:46:35.457  INFO 4160 --- [    Test worker] s.SpringTestSampleSimpleApplicationTests : No active profile set, falling back to default profiles: default
2016-01-18 22:46:35.461  INFO 4160 --- [    Test worker] s.c.a.AnnotationConfigApplicationContext : Refreshing org.springframework.context.annotation.AnnotationConfigApplicationContext@59d6930b: startup date [Mon Jan 18 22:46:35 EST 2016]; root of context hierarchy
Hello Phil
2016-01-18 22:46:35.840  INFO 4160 --- [    Test worker] s.SpringTestSampleSimpleApplicationTests : Started SpringTestSampleSimpleApplicationTests in 0.444 seconds (JVM running for 6.061)
]]></system-out>
  <system-err><![CDATA[]]></system-err>
</testsuite>
